<?xml version="1.0" encoding="UTF-8"?>
<testsuite name="com.kroy.tests.TileTests" tests="3" skipped="0" failures="0" errors="0" timestamp="2020-02-16T19:32:32" hostname="LAPTOP-NPDR84MS" time="0.037">
  <properties/>
  <testcase name="testXYConstructor" classname="com.kroy.tests.TileTests" time="0.0"/>
  <testcase name="testXYTexTypeConstructor" classname="com.kroy.tests.TileTests" time="0.0"/>
  <testcase name="testDefaultConstructor" classname="com.kroy.tests.TileTests" time="0.004"/>
  <system-out><![CDATA[]]></system-out>
  <system-err><![CDATA[]]></system-err>
</testsuite>
