<?xml version="1.0" encoding="UTF-8"?>
<testsuite name="com.kroy.tests.EnemyTests" tests="7" skipped="0" failures="0" errors="0" timestamp="2020-02-16T20:23:09" hostname="DESKTOP-H5SMI27" time="1.143">
  <properties/>
  <testcase name="testImproveFortress" classname="com.kroy.tests.EnemyTests" time="0.296"/>
  <testcase name="testCreatePatrol" classname="com.kroy.tests.EnemyTests" time="0.116"/>
  <testcase name="testCalculateTargets" classname="com.kroy.tests.EnemyTests" time="0.151"/>
  <testcase name="testDistributesPatrols" classname="com.kroy.tests.EnemyTests" time="0.122"/>
  <testcase name="testCreateFortress" classname="com.kroy.tests.EnemyTests" time="0.133"/>
  <testcase name="testDecideTarget" classname="com.kroy.tests.EnemyTests" time="0.114"/>
  <testcase name="testConstructor" classname="com.kroy.tests.EnemyTests" time="0.142"/>
  <system-out><![CDATA[]]></system-out>
  <system-err><![CDATA[]]></system-err>
</testsuite>
