<?xml version="1.0" encoding="UTF-8"?>
<testsuite name="com.kroy.tests.MapTests" tests="9" skipped="0" failures="0" errors="0" timestamp="2020-02-16T19:32:31" hostname="LAPTOP-NPDR84MS" time="0.826">
  <properties/>
  <testcase name="testMapRoadTile" classname="com.kroy.tests.MapTests" time="0.075"/>
  <testcase name="testGetNClosest" classname="com.kroy.tests.MapTests" time="0.08"/>
  <testcase name="testGetWithRangeOfHubTileType" classname="com.kroy.tests.MapTests" time="0.075"/>
  <testcase name="testFileNotFoundExceptionLoadCSV" classname="com.kroy.tests.MapTests" time="0.084"/>
  <testcase name="testLoadCSV" classname="com.kroy.tests.MapTests" time="0.073"/>
  <testcase name="testGetNClosestTileType" classname="com.kroy.tests.MapTests" time="0.074"/>
  <testcase name="testGenertaeMap" classname="com.kroy.tests.MapTests" time="0.077"/>
  <testcase name="testGetWithRangeOfHub" classname="com.kroy.tests.MapTests" time="0.076"/>
  <testcase name="testDistanceBetween" classname="com.kroy.tests.MapTests" time="0.08"/>
  <system-out><![CDATA[]]></system-out>
  <system-err><![CDATA[]]></system-err>
</testsuite>
