<?xml version="1.0" encoding="UTF-8"?>
<testsuite name="com.kroy.tests.StationTests" tests="1" skipped="0" failures="0" errors="0" timestamp="2020-02-16T19:32:32" hostname="LAPTOP-NPDR84MS" time="0.001">
  <properties/>
  <testcase name="testDefaultConstructor" classname="com.kroy.tests.StationTests" time="0.001"/>
  <system-out><![CDATA[]]></system-out>
  <system-err><![CDATA[]]></system-err>
</testsuite>
