<?xml version="1.0" encoding="UTF-8"?>
<testsuite name="com.kroy.tests.AlienTests" tests="5" skipped="0" failures="0" errors="0" timestamp="2020-02-16T19:32:30" hostname="LAPTOP-NPDR84MS" time="0.212">
  <properties/>
  <testcase name="testFire" classname="com.kroy.tests.AlienTests" time="0.137"/>
  <testcase name="testInit" classname="com.kroy.tests.AlienTests" time="0.009"/>
  <testcase name="testMove" classname="com.kroy.tests.AlienTests" time="0.006"/>
  <testcase name="testCheckBounds" classname="com.kroy.tests.AlienTests" time="0.006"/>
  <testcase name="testConstructor" classname="com.kroy.tests.AlienTests" time="0.007"/>
  <system-out><![CDATA[]]></system-out>
  <system-err><![CDATA[]]></system-err>
</testsuite>
