<?xml version="1.0" encoding="UTF-8"?>
<testsuite name="com.kroy.tests.EnemyTests" tests="7" skipped="0" failures="0" errors="0" timestamp="2020-02-16T20:23:47" hostname="DESKTOP-H5SMI27" time="1.354">
  <properties/>
  <testcase name="testImproveFortress" classname="com.kroy.tests.EnemyTests" time="0.253"/>
  <testcase name="testCreatePatrol" classname="com.kroy.tests.EnemyTests" time="0.213"/>
  <testcase name="testCalculateTargets" classname="com.kroy.tests.EnemyTests" time="0.287"/>
  <testcase name="testDistributesPatrols" classname="com.kroy.tests.EnemyTests" time="0.179"/>
  <testcase name="testCreateFortress" classname="com.kroy.tests.EnemyTests" time="0.127"/>
  <testcase name="testDecideTarget" classname="com.kroy.tests.EnemyTests" time="0.142"/>
  <testcase name="testConstructor" classname="com.kroy.tests.EnemyTests" time="0.125"/>
  <system-out><![CDATA[]]></system-out>
  <system-err><![CDATA[]]></system-err>
</testsuite>
