<?xml version="1.0" encoding="UTF-8"?>
<testsuite name="com.kroy.tests.PatrolTests" tests="2" skipped="0" failures="0" errors="0" timestamp="2020-02-16T19:32:32" hostname="LAPTOP-NPDR84MS" time="0.018">
  <properties/>
  <testcase name="testTransferTo" classname="com.kroy.tests.PatrolTests" time="0.002"/>
  <testcase name="testConstructor" classname="com.kroy.tests.PatrolTests" time="0.001"/>
  <system-out><![CDATA[]]></system-out>
  <system-err><![CDATA[]]></system-err>
</testsuite>
