<?xml version="1.0" encoding="UTF-8"?>
<testsuite name="com.kroy.tests.HighlightMapTests" tests="4" skipped="0" failures="0" errors="0" timestamp="2020-02-16T19:32:31" hostname="LAPTOP-NPDR84MS" time="0.002">
  <properties/>
  <testcase name="testGenerateMap" classname="com.kroy.tests.HighlightMapTests" time="0.001"/>
  <testcase name="testResetMap" classname="com.kroy.tests.HighlightMapTests" time="0.0"/>
  <testcase name="testSetTile" classname="com.kroy.tests.HighlightMapTests" time="0.0"/>
  <testcase name="testDefaultConstructor" classname="com.kroy.tests.HighlightMapTests" time="0.0"/>
  <system-out><![CDATA[]]></system-out>
  <system-err><![CDATA[]]></system-err>
</testsuite>
