<?xml version="1.0" encoding="UTF-8"?>
<testsuite name="com.kroy.tests.FireEngineTests" tests="5" skipped="0" failures="0" errors="0" timestamp="2020-02-16T19:32:31" hostname="LAPTOP-NPDR84MS" time="0.068">
  <properties/>
  <testcase name="testDeath" classname="com.kroy.tests.FireEngineTests" time="0.002"/>
  <testcase name="testShootTarget" classname="com.kroy.tests.FireEngineTests" time="0.002"/>
  <testcase name="testRefillAmount" classname="com.kroy.tests.FireEngineTests" time="0.001"/>
  <testcase name="testTransferTo" classname="com.kroy.tests.FireEngineTests" time="0.001"/>
  <testcase name="testTakeDamage" classname="com.kroy.tests.FireEngineTests" time="0.003"/>
  <system-out><![CDATA[Character at: 0, 0 shot target at: 0, 0
]]></system-out>
  <system-err><![CDATA[]]></system-err>
</testsuite>
