<?xml version="1.0" encoding="UTF-8"?>
<testsuite name="com.kroy.tests.HumanTests" tests="2" skipped="0" failures="0" errors="0" timestamp="2020-02-16T19:32:31" hostname="LAPTOP-NPDR84MS" time="0.015">
  <properties/>
  <testcase name="testCreateFireEngine" classname="com.kroy.tests.HumanTests" time="0.0"/>
  <testcase name="testConstructor" classname="com.kroy.tests.HumanTests" time="0.0"/>
  <system-out><![CDATA[]]></system-out>
  <system-err><![CDATA[]]></system-err>
</testsuite>
